<?xml version="1.0" encoding="UTF-8"?>
<!-- Generated by org.testng.reporters.JUnitReportReporter -->
<testsuite hostname="DESKTOP-TL0SH1A" failures="0" tests="1" name="Utils.AppUtils" time="0.008" errors="0" timestamp="2022-02-14T19:06:38 IST" skipped="0">
  <testcase classname="Utils.AppUtils" name="f" time="0.008"/>
  <system-out/>
</testsuite> <!-- Utils.AppUtils -->
